
                             Synplify (R) Premier 

                Version O-2018.09-SP1 for RHEL64 - Nov 27, 2018 

                    Copyright (c) 1988 - 2018 Synopsys, Inc.
   This software and the associated documentation are proprietary to Synopsys,
 Inc. This software may only be used in accordance with the terms and conditions
 of a written license agreement with Synopsys, Inc. All other use, reproduction,
            or distribution of this software is strictly prohibited.

Starting:    /vol/synopsys/fpga/O-2018.09-SP1/linux_a_64/mbin/synplify
Install:     /vol/synopsys/fpga/O-2018.09-SP1
Hostname:    joker.ece.northwestern.edu
Date:        Mon May  8 14:53:54 2023
Version:     O-2018.09-SP1

Arguments:   -product synplify_premier
ProductType: synplify_premier

License checkout: synplifypremierdp
License: synplifypremierdp from server synopsyslm.ece.northwestern.edu (Using premium license)
Licensed Vendor: All FPGA
License Option: ident



log file: "/home/jco1147/ray_tracer/github/RayTracer/sv/accumulate/rev_1/accumulate.srr"
Running: rev_1 in foreground

Running proj_1|rev_1

Running Flow: compile (Compile) on proj_1|rev_1
# Mon May  8 14:55:11 2023

Running Flow: compile_flow (Compile Process) on proj_1|rev_1
# Mon May  8 14:55:11 2023
License granted for 4 parallel jobs

Running: compiler (Compile Input) on proj_1|rev_1
# Mon May  8 14:55:11 2023
Copied /home/jco1147/ray_tracer/github/RayTracer/sv/accumulate/rev_1/synwork/accumulate_comp.srs to /home/jco1147/ray_tracer/github/RayTracer/sv/accumulate/rev_1/accumulate.srs

compiler completed
# Mon May  8 14:55:14 2023

Return Code: 0
Run Time:00h:00m:03s

Running: multi_srs_gen (Multi-srs Generator) on proj_1|rev_1
# Mon May  8 14:55:14 2023

multi_srs_gen completed
# Mon May  8 14:55:15 2023

Return Code: 0
Run Time:00h:00m:01s
Copied /home/jco1147/ray_tracer/github/RayTracer/sv/accumulate/rev_1/synwork/accumulate_mult.srs to /home/jco1147/ray_tracer/github/RayTracer/sv/accumulate/rev_1/accumulate.srs
Complete: Compile Process on proj_1|rev_1

Running: premap (Premap) on proj_1|rev_1
# Mon May  8 14:55:15 2023

premap completed with warnings
# Mon May  8 14:55:15 2023

Return Code: 1
Run Time:00h:00m:00s
Complete: Compile on proj_1|rev_1

Running Flow: map (Map) on proj_1|rev_1
# Mon May  8 14:55:15 2023
License granted for 4 parallel jobs

Running: fpga_mapper (Map & Optimize) on proj_1|rev_1
# Mon May  8 14:55:15 2023
Copied /home/jco1147/ray_tracer/github/RayTracer/sv/accumulate/rev_1/synwork/accumulate_m.srm to /home/jco1147/ray_tracer/github/RayTracer/sv/accumulate/rev_1/accumulate.srm

fpga_mapper completed with warnings
# Mon May  8 14:55:18 2023

Return Code: 1
Run Time:00h:00m:03s
Complete: Map on proj_1|rev_1
Complete: Logic Synthesis on proj_1|rev_1
0exit status=0
License checkin: synplifypremierdp
