/vol/synopsys/fpga/O-2018.09-SP1/bin/c_hdl  -osyn  /home/jco1147/ray_tracer/github/RayTracer/sv/top/rev_1/synwork/streamer_comp.srs  -top  ray_tracer_top  -hdllog  /home/jco1147/ray_tracer/github/RayTracer/sv/top/rev_1/synlog/streamer_compiler.srr  -encrypt  -mp  4  -prodtype  synplify_premier  -licensetype  synplifypremierdp  -distcompmode 1 -verification_mode 0  -verilog  -prodtype  synplify_premier  -pqdpadd -verification_mode 0 -infer_seqShift -primux -fixsmult -dspmac -nram -divnmod -continue_on_error -nostructver   -I /home/jco1147/ray_tracer/github/RayTracer/sv/top/  -I /vol/synopsys/fpga/O-2018.09-SP1/lib   -sysv  -devicelib  /vol/synopsys/fpga/O-2018.09-SP1/lib/altera/altera.v  -devicelib  /vol/synopsys/fpga/O-2018.09-SP1/lib/altera/altera_mult_add.v  -devicelib  /vol/synopsys/fpga/O-2018.09-SP1/lib/altera/quartus_prime181/cyclonev.v  -devicelib  /vol/synopsys/fpga/O-2018.09-SP1/lib/altera/quartus_prime181/altera_mf.v  -devicelib  /vol/synopsys/fpga/O-2018.09-SP1/lib/altera/quartus_prime181/altera_lpm.v  -devicelib  /vol/synopsys/fpga/O-2018.09-SP1/lib/altera/quartus_prime181/altera_primitives.v  -encrypt  -pro  -dmgen  /home/jco1147/ray_tracer/github/RayTracer/sv/top/rev_1/dm  -auto_infer_blackbox 0 -proto -ui -fid2 -ram -sharing on -ll 2000 -autosm  -D_MULTIPLE_FILE_COMPILATION_UNIT_  -fast_synthesis 0  -lib work -fsysv /home/jco1147/ray_tracer/github/RayTracer/sv/top/top.sv -lib work -fsysv /home/jco1147/ray_tracer/github/RayTracer/sv/fifo.sv -lib work -fsysv /home/jco1147/ray_tracer/github/RayTracer/sv/sramb.sv -lib work -fsysv /home/jco1147/ray_tracer/github/RayTracer/sv/streamer/streamer.sv  -jobname  "compiler" 
relcom:/vol/synopsys/fpga/O-2018.09-SP1/bin/c_hdl -osyn ../synwork/streamer_comp.srs -top ray_tracer_top -hdllog ../synlog/streamer_compiler.srr -encrypt -mp 4 -prodtype synplify_premier -licensetype synplifypremierdp -distcompmode 1 -verification_mode 0 -verilog -prodtype synplify_premier -pqdpadd -verification_mode 0 -infer_seqShift -primux -fixsmult -dspmac -nram -divnmod -continue_on_error -nostructver -I ../../ -I /vol/synopsys/fpga/O-2018.09-SP1/lib -sysv -devicelib /vol/synopsys/fpga/O-2018.09-SP1/lib/altera/altera.v -devicelib /vol/synopsys/fpga/O-2018.09-SP1/lib/altera/altera_mult_add.v -devicelib /vol/synopsys/fpga/O-2018.09-SP1/lib/altera/quartus_prime181/cyclonev.v -devicelib /vol/synopsys/fpga/O-2018.09-SP1/lib/altera/quartus_prime181/altera_mf.v -devicelib /vol/synopsys/fpga/O-2018.09-SP1/lib/altera/quartus_prime181/altera_lpm.v -devicelib /vol/synopsys/fpga/O-2018.09-SP1/lib/altera/quartus_prime181/altera_primitives.v -encrypt -pro -dmgen ../dm -auto_infer_blackbox 0 -proto -ui -fid2 -ram -sharing on -ll 2000 -autosm -D_MULTIPLE_FILE_COMPILATION_UNIT_ -fast_synthesis 0 -lib work -fsysv ../../top.sv -lib work -fsysv ../../../fifo.sv -lib work -fsysv ../../../sramb.sv -lib work -fsysv ../../../streamer/streamer.sv -jobname "compiler"
rc:0 success:1 runtime:4
file:../synwork/streamer_comp.srs|io:o|time:1684508187|size:9555|exec:0|csum:
file:../synlog/streamer_compiler.srr|io:o|time:1684508187|size:13762|exec:0|csum:
file:/vol/synopsys/fpga/O-2018.09-SP1/lib/altera/altera.v|io:i|time:1543381811|size:761|exec:0|csum:530DBF8BEE396EFE8B33F0255371F1EA
file:/vol/synopsys/fpga/O-2018.09-SP1/lib/altera/altera_mult_add.v|io:i|time:1543381811|size:168277|exec:0|csum:6E29C085D2A2C382F4C51DABDB48F76A
file:/vol/synopsys/fpga/O-2018.09-SP1/lib/altera/quartus_prime181/cyclonev.v|io:i|time:1543381840|size:131|exec:0|csum:6832EE71B40C2B86E4A43BC5063506D9
file:/vol/synopsys/fpga/O-2018.09-SP1/lib/altera/quartus_prime181/altera_mf.v|io:i|time:1543381839|size:2618882|exec:0|csum:84794777C52804010B1D63698E285DB9
file:/vol/synopsys/fpga/O-2018.09-SP1/lib/altera/quartus_prime181/altera_lpm.v|io:i|time:1543381839|size:14867|exec:0|csum:01D82E1D5975CD832C9D765243E5182D
file:/vol/synopsys/fpga/O-2018.09-SP1/lib/altera/quartus_prime181/altera_primitives.v|io:i|time:1543381839|size:35286|exec:0|csum:C0AAD8CA21730C472D624582C058B929
file:./-fsysv|io:i|time:0|size:-1|exec:0|csum:
file:../../top.sv|io:i|time:1684432911|size:2929|exec:0|csum:0C7C4887A60B42425BF9D070E62C69A6
file:./-fsysv|io:i|time:0|size:-1|exec:0|csum:
file:../../../fifo.sv|io:i|time:1683305992|size:4165|exec:0|csum:62649641FD8AF51CCB82DD343972A422
file:./-fsysv|io:i|time:0|size:-1|exec:0|csum:
file:../../../sramb.sv|io:i|time:1684375012|size:1554|exec:0|csum:C4911F7899D659C04DC6EAC6C659AE6A
file:./-fsysv|io:i|time:0|size:-1|exec:0|csum:
file:../../../streamer/streamer.sv|io:i|time:1684434315|size:3894|exec:0|csum:E44983CFCD43C96B2D4CB13718EC8102
file:/vol/synopsys/fpga/O-2018.09-SP1/linux_a_64/c_hdl|io:i|time:1543382462|size:8760008|exec:1|csum:CF968C540087EF9F5288FFCDBF191EA5
file:/vol/synopsys/fpga/O-2018.09-SP1/bin/c_hdl|io:i|time:1543382354|size:367|exec:1|csum:E52A0D56112AD6C22F02B648B6F508CE
