/vol/synopsys/fpga/O-2018.09-SP1/bin/m_altera  -mp  4  -prjfile  /home/jco1147/ray_tracer/github/RayTracer/sv/top/rev_1/scratchproject.prs  -implementation  rev_1  -prodtype  synplify_premier  -encrypt  -pro  -rundir  /home/jco1147/ray_tracer/github/RayTracer/sv/top/rev_1   -part 5CGXFC7C6FC23-6    -maxfan 30 -verification_mode 0 -infer_seqShift -pipe -fixgatedclocks 1 -fixgeneratedclocks 1 -syn_altera_model on -mif_files_dirs " " -synthesis_strategy advanced -continue_on_error -validate_mif_files -reporting_ctd 0 -RWCheckOnRam 1 -summaryfile /home/jco1147/ray_tracer/github/RayTracer/sv/top/rev_1/synlog/report/streamer_premap.xml -merge_inferred_clocks 0  -top_level_module  ray_tracer_top  -map  -licensetype  synplifypremierdp  -vqm41  -ovqm  /home/jco1147/ray_tracer/github/RayTracer/sv/top/rev_1/streamer.vqm  -conchk_prepass  /home/jco1147/ray_tracer/github/RayTracer/sv/top/rev_1/streamer_cck.rpt   -autoconstraint  -freq 1.000   /home/jco1147/ray_tracer/github/RayTracer/sv/top/rev_1/synwork/streamer_mult.srs  -flow prepass  -gcc_prepass  -osrd  /home/jco1147/ray_tracer/github/RayTracer/sv/top/rev_1/synwork/streamer_prem.srd  -qsap  /home/jco1147/ray_tracer/github/RayTracer/sv/top/rev_1/streamer.sap  -devicelib  /vol/synopsys/fpga/O-2018.09-SP1/lib/altera/altera.v  -devicelib  /vol/synopsys/fpga/O-2018.09-SP1/lib/altera/altera_mult_add.v  -devicelib  /vol/synopsys/fpga/O-2018.09-SP1/lib/altera/quartus_prime181/cyclonev.v  -devicelib  /vol/synopsys/fpga/O-2018.09-SP1/lib/altera/quartus_prime181/altera_mf.v  -devicelib  /vol/synopsys/fpga/O-2018.09-SP1/lib/altera/quartus_prime181/altera_lpm.v  -devicelib  /vol/synopsys/fpga/O-2018.09-SP1/lib/altera/quartus_prime181/altera_primitives.v  -ologparam  /home/jco1147/ray_tracer/github/RayTracer/sv/top/rev_1/syntmp/streamer.plg  -osyn  /home/jco1147/ray_tracer/github/RayTracer/sv/top/rev_1/synwork/streamer_prem.srd  -prjdir  /home/jco1147/ray_tracer/github/RayTracer/sv/top/  -prjname  proj_1  -log  /home/jco1147/ray_tracer/github/RayTracer/sv/top/rev_1/synlog/streamer_premap.srr  -sn  2018.09  -jobname  "premap" 
relcom:/vol/synopsys/fpga/O-2018.09-SP1/bin/m_altera -mp 4 -prjfile ../scratchproject.prs -implementation rev_1 -prodtype synplify_premier -encrypt -pro -rundir ../../rev_1 -part 5CGXFC7C6FC23-6 -maxfan 30 -verification_mode 0 -infer_seqShift -pipe -fixgatedclocks 1 -fixgeneratedclocks 1 -syn_altera_model on -mif_files_dirs " " -synthesis_strategy advanced -continue_on_error -validate_mif_files -reporting_ctd 0 -RWCheckOnRam 1 -summaryfile ../synlog/report/streamer_premap.xml -merge_inferred_clocks 0 -top_level_module ray_tracer_top -map -licensetype synplifypremierdp -vqm41 -ovqm ../streamer.vqm -conchk_prepass ../streamer_cck.rpt -autoconstraint -freq 1.000 ../synwork/streamer_mult.srs -flow prepass -gcc_prepass -osrd ../synwork/streamer_prem.srd -qsap ../streamer.sap -devicelib /vol/synopsys/fpga/O-2018.09-SP1/lib/altera/altera.v -devicelib /vol/synopsys/fpga/O-2018.09-SP1/lib/altera/altera_mult_add.v -devicelib /vol/synopsys/fpga/O-2018.09-SP1/lib/altera/quartus_prime181/cyclonev.v -devicelib /vol/synopsys/fpga/O-2018.09-SP1/lib/altera/quartus_prime181/altera_mf.v -devicelib /vol/synopsys/fpga/O-2018.09-SP1/lib/altera/quartus_prime181/altera_lpm.v -devicelib /vol/synopsys/fpga/O-2018.09-SP1/lib/altera/quartus_prime181/altera_primitives.v -ologparam streamer.plg -osyn ../synwork/streamer_prem.srd -prjdir ../../ -prjname proj_1 -log ../synlog/streamer_premap.srr -sn 2018.09 -jobname "premap"
rc:1 success:1 runtime:0
file:../scratchproject.prs|io:o|time:1684508185|size:2165|exec:0|csum:
file:../streamer.vqm|io:o|time:1684507910|size:145232|exec:0|csum:
file:../streamer_cck.rpt|io:o|time:1684508189|size:18639|exec:0|csum:
file:../synwork/streamer_mult.srs|io:i|time:1684508189|size:4386|exec:0|csum:69E67776DA6983CFB7D382AD7BB24E27
file:../synwork/streamer_prem.srd|io:o|time:1684508189|size:31369|exec:0|csum:
file:../streamer.sap|io:o|time:1684508189|size:883|exec:0|csum:
file:/vol/synopsys/fpga/O-2018.09-SP1/lib/altera/altera.v|io:i|time:1543381811|size:761|exec:0|csum:530DBF8BEE396EFE8B33F0255371F1EA
file:/vol/synopsys/fpga/O-2018.09-SP1/lib/altera/altera_mult_add.v|io:i|time:1543381811|size:168277|exec:0|csum:6E29C085D2A2C382F4C51DABDB48F76A
file:/vol/synopsys/fpga/O-2018.09-SP1/lib/altera/quartus_prime181/cyclonev.v|io:i|time:1543381840|size:131|exec:0|csum:6832EE71B40C2B86E4A43BC5063506D9
file:/vol/synopsys/fpga/O-2018.09-SP1/lib/altera/quartus_prime181/altera_mf.v|io:i|time:1543381839|size:2618882|exec:0|csum:84794777C52804010B1D63698E285DB9
file:/vol/synopsys/fpga/O-2018.09-SP1/lib/altera/quartus_prime181/altera_lpm.v|io:i|time:1543381839|size:14867|exec:0|csum:01D82E1D5975CD832C9D765243E5182D
file:/vol/synopsys/fpga/O-2018.09-SP1/lib/altera/quartus_prime181/altera_primitives.v|io:i|time:1543381839|size:35286|exec:0|csum:C0AAD8CA21730C472D624582C058B929
file:streamer.plg|io:o|time:1684508189|size:28|exec:0|csum:
file:../synwork/streamer_prem.srd|io:o|time:1684508189|size:31369|exec:0|csum:
file:../synlog/streamer_premap.srr|io:o|time:1684508189|size:5429|exec:0|csum:
file:/vol/synopsys/fpga/O-2018.09-SP1/linux_a_64/m_altera|io:i|time:1543382473|size:31613712|exec:1|csum:5FBEB6EEDF3364EAF4B7F14711D19D39
file:/vol/synopsys/fpga/O-2018.09-SP1/bin/m_altera|io:i|time:1543381999|size:347|exec:1|csum:04851DFC0CBB288ED81DA3E420127D0D
