
                             Synplify (R) Premier 

                Version O-2018.09-SP1 for RHEL64 - Nov 27, 2018 

                    Copyright (c) 1988 - 2018 Synopsys, Inc.
   This software and the associated documentation are proprietary to Synopsys,
 Inc. This software may only be used in accordance with the terms and conditions
 of a written license agreement with Synopsys, Inc. All other use, reproduction,
            or distribution of this software is strictly prohibited.

Starting:    /vol/synopsys/fpga/O-2018.09-SP1/linux_a_64/mbin/synplify
Install:     /vol/synopsys/fpga/O-2018.09-SP1
Hostname:    joker.ece.northwestern.edu
Date:        Thu May 25 00:54:34 2023
Version:     O-2018.09-SP1

Arguments:   -product synplify_premier
ProductType: synplify_premier

License checkout: synplifypremierdp
License: synplifypremierdp from server synopsyslm.ece.northwestern.edu (Using premium license)
Licensed Vendor: All FPGA
License Option: ident



log file: "/home/jco1147/ray_tracer/github/RayTracer/sv/top/rev_1/hit_bool.srr"
Running: rev_1 in foreground

Running proj_1|rev_1

Running Flow: compile (Compile) on proj_1|rev_1
# Thu May 25 00:57:17 2023

Running Flow: compile_flow (Compile Process) on proj_1|rev_1
# Thu May 25 00:57:17 2023
License granted for 4 parallel jobs

Running: compiler (Compile Input) on proj_1|rev_1
# Thu May 25 00:57:17 2023
Copied /home/jco1147/ray_tracer/github/RayTracer/sv/top/rev_1/synwork/hit_bool_comp.srs to /home/jco1147/ray_tracer/github/RayTracer/sv/top/rev_1/hit_bool.srs

compiler completed
# Thu May 25 00:57:22 2023

Return Code: 0
Run Time:00h:00m:05s

Running: multi_srs_gen (Multi-srs Generator) on proj_1|rev_1
# Thu May 25 00:57:22 2023

multi_srs_gen completed
# Thu May 25 00:57:23 2023

Return Code: 0
Run Time:00h:00m:01s
Copied /home/jco1147/ray_tracer/github/RayTracer/sv/top/rev_1/synwork/hit_bool_mult.srs to /home/jco1147/ray_tracer/github/RayTracer/sv/top/rev_1/hit_bool.srs
Complete: Compile Process on proj_1|rev_1

Running: premap (Premap) on proj_1|rev_1
# Thu May 25 00:57:23 2023

premap completed with warnings
# Thu May 25 00:57:24 2023

Return Code: 1
Run Time:00h:00m:01s
Complete: Compile on proj_1|rev_1

Running Flow: map (Map) on proj_1|rev_1
# Thu May 25 00:57:24 2023
License granted for 4 parallel jobs

Running: fpga_mapper (Map & Optimize) on proj_1|rev_1
# Thu May 25 00:57:24 2023
Copied /home/jco1147/ray_tracer/github/RayTracer/sv/top/rev_1/synwork/hit_bool_m.srm to /home/jco1147/ray_tracer/github/RayTracer/sv/top/rev_1/hit_bool.srm

fpga_mapper completed with warnings
# Thu May 25 00:58:40 2023

Return Code: 1
Run Time:00h:01m:16s
Complete: Map on proj_1|rev_1
Complete: Logic Synthesis on proj_1|rev_1
0Loaded XDM (Hierarchy) data base - elapsed time 0:0 Blocks=36
@N Implementation '/home/jco1147/ray_tracer/github/RayTracer/sv/top/proj_1.prj|rev_1' design hierarchy loaded from database
Copied /home/jco1147/ray_tracer/github/RayTracer/sv/top/rev_1/hit_bool.srr to /home/jco1147/ray_tracer/github/RayTracer/sv/top/rev_1/backup/hit_bool.srr
exit status=0
License checkin: synplifypremierdp
