
Copyright (C) 1994-2018 Synopsys, Inc.
This Synopsys software and all associated documentation are proprietary to Synopsys, Inc.
and may only be used pursuant to the terms and conditions of a written license agreement
with Synopsys, Inc. All other use, reproduction, modification, or distribution of the
Synopsys software or the associated documentation is strictly prohibited.
Tool: Synplify (R) Premier
Build: O-2018.09-SP1
Install: /vol/synopsys/fpga/O-2018.09-SP1
OS: Red Hat Enterprise Linux 8.7 (Ootpa)
Hostname: joker.ece.northwestern.edu
max virtual memory: unlimited (bytes)
max user processes: 62382
max stack size: 8388608 (bytes)


Implementation : rev_1
Synopsys HDL compiler and linker, Version comp2018q4p1, Build 004R, Built Nov 27 2018 21:19:49

Modified Files: 0
FID:  path (prevtimestamp, timestamp)

*******************************************************************
Modules that may have changed as a result of file changes: 0
MID:  lib.cell.view

*******************************************************************
Unmodified files: 17
FID:  path (timestamp)
0        /home/jco1147/ray_tracer/github/RayTracer/sv/top/rev_1/synwork//distcomp/distcomp0/distcomp0.xmr (2023-05-15 15:31:03)
1        /home/jco1147/ray_tracer/github/RayTracer/sv/top/streamer.sv (2023-05-10 10:38:02)
2        /vol/synopsys/fpga/O-2018.09-SP1/lib/altera/altera.v (2018-11-27 23:10:11)
3        /vol/synopsys/fpga/O-2018.09-SP1/lib/altera/altera_mult_add.v (2018-11-27 23:10:11)
4        /vol/synopsys/fpga/O-2018.09-SP1/lib/altera/quartus_prime181/altera_lpm.v (2018-11-27 23:10:39)
5        /vol/synopsys/fpga/O-2018.09-SP1/lib/altera/quartus_prime181/altera_mf.v (2018-11-27 23:10:39)
6        /vol/synopsys/fpga/O-2018.09-SP1/lib/altera/quartus_prime181/altera_primitives.v (2018-11-27 23:10:39)
7        /vol/synopsys/fpga/O-2018.09-SP1/lib/altera/quartus_prime181/cyclonev.v (2018-11-27 23:10:40)
8        /vol/synopsys/fpga/O-2018.09-SP1/lib/altera/quartus_prime181/cyclonev_atoms.v (2018-11-27 23:10:40)
9        /vol/synopsys/fpga/O-2018.09-SP1/lib/altera/quartus_prime181/cyclonev_hps_atoms.sv (2018-11-27 23:10:40)
10       /vol/synopsys/fpga/O-2018.09-SP1/lib/altera/quartus_prime181/cyclonev_hssi_atoms.v (2018-11-27 23:10:40)
11       /vol/synopsys/fpga/O-2018.09-SP1/lib/altera/quartus_prime181/cyclonev_pcie_hip_atoms.v (2018-11-27 23:10:40)
12       /vol/synopsys/fpga/O-2018.09-SP1/lib/synip/hcei/zceistubs.v (2018-11-27 23:12:11)
13       /vol/synopsys/fpga/O-2018.09-SP1/lib/vlog/hypermods.v (2018-11-27 23:17:48)
14       /vol/synopsys/fpga/O-2018.09-SP1/lib/vlog/scemi_objects.v (2018-11-27 23:17:48)
15       /vol/synopsys/fpga/O-2018.09-SP1/lib/vlog/scemi_pipes.svh (2018-11-27 23:17:48)
16       /vol/synopsys/fpga/O-2018.09-SP1/lib/vlog/umr_capim.v (2018-08-08 02:43:25)

*******************************************************************
Unchanged modules: 1
MID:  lib.cell.view
0        work.streamer.verilog
