
                             Synplify (R) Premier 

                Version O-2018.09-SP1 for RHEL64 - Nov 27, 2018 

                    Copyright (c) 1988 - 2018 Synopsys, Inc.
   This software and the associated documentation are proprietary to Synopsys,
 Inc. This software may only be used in accordance with the terms and conditions
 of a written license agreement with Synopsys, Inc. All other use, reproduction,
            or distribution of this software is strictly prohibited.

Starting:    /vol/synopsys/fpga/O-2018.09-SP1/linux_a_64/mbin/synplify
Install:     /vol/synopsys/fpga/O-2018.09-SP1
Hostname:    joker.ece.northwestern.edu
Date:        Mon May 15 15:30:34 2023
Version:     O-2018.09-SP1

Arguments:   -product synplify_premier
ProductType: synplify_premier

License checkout: synplifypremierdp
License: synplifypremierdp from server synopsyslm.ece.northwestern.edu (Using premium license)
Licensed Vendor: All FPGA
License Option: ident



log file: "/home/jco1147/ray_tracer/github/RayTracer/sv/top/rev_1/streamer.srr"
Running: rev_1 in foreground

Running proj_1|rev_1

Running Flow: compile (Compile) on proj_1|rev_1
# Mon May 15 15:31:03 2023

Running Flow: compile_flow (Compile Process) on proj_1|rev_1
# Mon May 15 15:31:03 2023
License granted for 4 parallel jobs

Running: compiler (Compile Input) on proj_1|rev_1
# Mon May 15 15:31:03 2023
Copied /home/jco1147/ray_tracer/github/RayTracer/sv/top/rev_1/synwork/streamer_comp.srs to /home/jco1147/ray_tracer/github/RayTracer/sv/top/rev_1/streamer.srs

compiler completed
# Mon May 15 15:31:07 2023

Return Code: 0
Run Time:00h:00m:04s

Running: multi_srs_gen (Multi-srs Generator) on proj_1|rev_1
# Mon May 15 15:31:07 2023

multi_srs_gen completed
# Mon May 15 15:31:07 2023

Return Code: 0
Run Time:00h:00m:00s
Copied /home/jco1147/ray_tracer/github/RayTracer/sv/top/rev_1/synwork/streamer_mult.srs to /home/jco1147/ray_tracer/github/RayTracer/sv/top/rev_1/streamer.srs
Complete: Compile Process on proj_1|rev_1

Running: premap (Premap) on proj_1|rev_1
# Mon May 15 15:31:07 2023

premap completed with warnings
# Mon May 15 15:31:07 2023

Return Code: 1
Run Time:00h:00m:00s
Complete: Compile on proj_1|rev_1

Running Flow: map (Map) on proj_1|rev_1
# Mon May 15 15:31:07 2023
License granted for 4 parallel jobs

Running: fpga_mapper (Map & Optimize) on proj_1|rev_1
# Mon May 15 15:31:07 2023
Copied /home/jco1147/ray_tracer/github/RayTracer/sv/top/rev_1/synwork/streamer_m.srm to /home/jco1147/ray_tracer/github/RayTracer/sv/top/rev_1/streamer.srm
fpga_mapper exited with errors
Job failed on: proj_1|rev_1

Job: "fpga_mapper" terminated with error status: 2
See log file: "/home/jco1147/ray_tracer/github/RayTracer/sv/top/rev_1/synlog/streamer_fpga_mapper.srr"
# Mon May 15 15:31:09 2023

Return Code: 2
Run Time:00h:00m:02s
Complete: Map on proj_1|rev_1
Complete: Logic Synthesis on proj_1|rev_1
2Opening object source file /home/jco1147/ray_tracer/github/RayTracer/sv/top/rev_1/streamer.srr
Loaded XDM (Hierarchy) data base - elapsed time 0:0 Blocks=1
@N Implementation '/home/jco1147/ray_tracer/github/RayTracer/sv/top/proj_1.prj|rev_1' design hierarchy loaded from database
Copied /home/jco1147/ray_tracer/github/RayTracer/sv/top/rev_1/streamer.srr to /home/jco1147/ray_tracer/github/RayTracer/sv/top/rev_1/backup/streamer.srr
log file: "/home/jco1147/ray_tracer/github/RayTracer/sv/top/rev_1/streamer.srr"
Running: rev_1 in foreground

Running proj_1|rev_1

Running Flow: compile (Compile) on proj_1|rev_1
# Mon May 15 15:40:37 2023

Running Flow: compile_flow (Compile Process) on proj_1|rev_1
# Mon May 15 15:40:37 2023
License granted for 4 parallel jobs

Running: compiler (Compile Input) on proj_1|rev_1
# Mon May 15 15:40:37 2023

compiler completed
# Mon May 15 15:40:40 2023

Return Code: 0
Run Time:00h:00m:03s

Running: multi_srs_gen (Multi-srs Generator) on proj_1|rev_1
# Mon May 15 15:40:40 2023
Up-To-Date: multi_srs_gen. No run necessary
Complete: Compile Process on proj_1|rev_1

Running: premap (Premap) on proj_1|rev_1
# Mon May 15 15:40:41 2023
Up-To-Date: premap. No run necessary
Complete: Compile on proj_1|rev_1

Running Flow: map (Map) on proj_1|rev_1
# Mon May 15 15:40:41 2023
License granted for 4 parallel jobs

Running: fpga_mapper (Map & Optimize) on proj_1|rev_1
# Mon May 15 15:40:41 2023
Copied /home/jco1147/ray_tracer/github/RayTracer/sv/top/rev_1/synwork/streamer_m.srm to /home/jco1147/ray_tracer/github/RayTracer/sv/top/rev_1/streamer.srm
fpga_mapper exited with errors
Job failed on: proj_1|rev_1

Job: "fpga_mapper" terminated with error status: 2
See log file: "/home/jco1147/ray_tracer/github/RayTracer/sv/top/rev_1/synlog/streamer_fpga_mapper.srr"
# Mon May 15 15:40:43 2023

Return Code: 2
Run Time:00h:00m:02s
Complete: Map on proj_1|rev_1
Complete: Logic Synthesis on proj_1|rev_1
2Opening object source file /home/jco1147/ray_tracer/github/RayTracer/sv/top/rev_1/streamer.srr
exit status=2
License checkin: synplifypremierdp
