###########################################################[

Copyright (C) 1994-2018 Synopsys, Inc.
This Synopsys software and all associated documentation are proprietary to Synopsys, Inc.
and may only be used pursuant to the terms and conditions of a written license agreement
with Synopsys, Inc. All other use, reproduction, modification, or distribution of the
Synopsys software or the associated documentation is strictly prohibited.
Tool: Synplify (R) Premier
Build: O-2018.09-SP1
Install: /vol/synopsys/fpga/O-2018.09-SP1
OS: Red Hat Enterprise Linux 8.8 (Ootpa)
Hostname: joker.ece.northwestern.edu
max virtual memory: unlimited (bytes)
max user processes: 62115
max stack size: 8388608 (bytes)


Implementation : rev_1
Synopsys Verilog Compiler, Version comp2018q4p1, Build 004R, Built Nov 27 2018 21:19:49

@N|Running in 64-bit mode
@N: CG1349 :	| Running Verilog Compiler in System Verilog mode

@N: CG1350 :	| Running Verilog Compiler in Multiple File Compilation Unit mode

@I::"/vol/synopsys/fpga/O-2018.09-SP1/lib/altera/altera.v" (library work)
@I::"/vol/synopsys/fpga/O-2018.09-SP1/lib/altera/altera_mult_add.v" (library work)
@N: CG1343 :"/vol/synopsys/fpga/O-2018.09-SP1/lib/altera/altera_mult_add.v":735:14:735:33|Read directive read_comments_as_HDL on.
@N: CG1344 :"/vol/synopsys/fpga/O-2018.09-SP1/lib/altera/altera_mult_add.v":743:14:743:33|Read directive read_comments_as_HDL off.
@W: CS141 :"/vol/synopsys/fpga/O-2018.09-SP1/lib/altera/altera_mult_add.v":1725:22:1725:53|Unrecognized synthesis directive enable_verilog_initial_construct. Verify the correct directive name.
@W: CS141 :"/vol/synopsys/fpga/O-2018.09-SP1/lib/altera/altera_mult_add.v":1832:22:1832:53|Unrecognized synthesis directive enable_verilog_initial_construct. Verify the correct directive name.
@W: CS141 :"/vol/synopsys/fpga/O-2018.09-SP1/lib/altera/altera_mult_add.v":2553:22:2553:53|Unrecognized synthesis directive enable_verilog_initial_construct. Verify the correct directive name.
@W: CS141 :"/vol/synopsys/fpga/O-2018.09-SP1/lib/altera/altera_mult_add.v":3108:22:3108:53|Unrecognized synthesis directive enable_verilog_initial_construct. Verify the correct directive name.
@W: CS141 :"/vol/synopsys/fpga/O-2018.09-SP1/lib/altera/altera_mult_add.v":4364:22:4364:53|Unrecognized synthesis directive enable_verilog_initial_construct. Verify the correct directive name.
@I::"/vol/synopsys/fpga/O-2018.09-SP1/lib/altera/quartus_prime181/cyclonev.v" (library work)
@I:"/vol/synopsys/fpga/O-2018.09-SP1/lib/altera/quartus_prime181/cyclonev.v":"/vol/synopsys/fpga/O-2018.09-SP1/lib/altera/quartus_prime181/cyclonev_atoms.v" (library work)
@I:"/vol/synopsys/fpga/O-2018.09-SP1/lib/altera/quartus_prime181/cyclonev.v":"/vol/synopsys/fpga/O-2018.09-SP1/lib/altera/quartus_prime181/cyclonev_hssi_atoms.v" (library work)
@I:"/vol/synopsys/fpga/O-2018.09-SP1/lib/altera/quartus_prime181/cyclonev.v":"/vol/synopsys/fpga/O-2018.09-SP1/lib/altera/quartus_prime181/cyclonev_hps_atoms.sv" (library work)
@I:"/vol/synopsys/fpga/O-2018.09-SP1/lib/altera/quartus_prime181/cyclonev.v":"/vol/synopsys/fpga/O-2018.09-SP1/lib/altera/quartus_prime181/cyclonev_pcie_hip_atoms.v" (library work)
@I::"/vol/synopsys/fpga/O-2018.09-SP1/lib/altera/quartus_prime181/altera_mf.v" (library work)
@N: CG334 :"/vol/synopsys/fpga/O-2018.09-SP1/lib/altera/quartus_prime181/altera_mf.v":53001:16:53001:28|Read directive translate_off.
@N: CG333 :"/vol/synopsys/fpga/O-2018.09-SP1/lib/altera/quartus_prime181/altera_mf.v":53051:16:53051:27|Read directive translate_on.
@N: CG334 :"/vol/synopsys/fpga/O-2018.09-SP1/lib/altera/quartus_prime181/altera_mf.v":53060:16:53060:28|Read directive translate_off.
@N: CG333 :"/vol/synopsys/fpga/O-2018.09-SP1/lib/altera/quartus_prime181/altera_mf.v":53074:16:53074:27|Read directive translate_on.
@N: CG334 :"/vol/synopsys/fpga/O-2018.09-SP1/lib/altera/quartus_prime181/altera_mf.v":53221:20:53221:32|Read directive translate_off.
@N: CG333 :"/vol/synopsys/fpga/O-2018.09-SP1/lib/altera/quartus_prime181/altera_mf.v":53226:20:53226:31|Read directive translate_on.
@N: CG334 :"/vol/synopsys/fpga/O-2018.09-SP1/lib/altera/quartus_prime181/altera_mf.v":53229:20:53229:32|Read directive translate_off.
@N: CG333 :"/vol/synopsys/fpga/O-2018.09-SP1/lib/altera/quartus_prime181/altera_mf.v":53232:20:53232:31|Read directive translate_on.
@N: CG334 :"/vol/synopsys/fpga/O-2018.09-SP1/lib/altera/quartus_prime181/altera_mf.v":53346:20:53346:32|Read directive translate_off.
@N: CG333 :"/vol/synopsys/fpga/O-2018.09-SP1/lib/altera/quartus_prime181/altera_mf.v":53351:20:53351:31|Read directive translate_on.
@N: CG334 :"/vol/synopsys/fpga/O-2018.09-SP1/lib/altera/quartus_prime181/altera_mf.v":53354:20:53354:32|Read directive translate_off.
@N: CG333 :"/vol/synopsys/fpga/O-2018.09-SP1/lib/altera/quartus_prime181/altera_mf.v":53357:20:53357:31|Read directive translate_on.
@N: CG334 :"/vol/synopsys/fpga/O-2018.09-SP1/lib/altera/quartus_prime181/altera_mf.v":53446:20:53446:32|Read directive translate_off.
@N: CG333 :"/vol/synopsys/fpga/O-2018.09-SP1/lib/altera/quartus_prime181/altera_mf.v":53451:20:53451:31|Read directive translate_on.
@N: CG334 :"/vol/synopsys/fpga/O-2018.09-SP1/lib/altera/quartus_prime181/altera_mf.v":53454:20:53454:32|Read directive translate_off.
@N: CG333 :"/vol/synopsys/fpga/O-2018.09-SP1/lib/altera/quartus_prime181/altera_mf.v":53457:20:53457:31|Read directive translate_on.
@N: CG334 :"/vol/synopsys/fpga/O-2018.09-SP1/lib/altera/quartus_prime181/altera_mf.v":53545:20:53545:32|Read directive translate_off.
@N: CG333 :"/vol/synopsys/fpga/O-2018.09-SP1/lib/altera/quartus_prime181/altera_mf.v":53550:20:53550:31|Read directive translate_on.
@N: CG334 :"/vol/synopsys/fpga/O-2018.09-SP1/lib/altera/quartus_prime181/altera_mf.v":53553:20:53553:32|Read directive translate_off.
@N: CG333 :"/vol/synopsys/fpga/O-2018.09-SP1/lib/altera/quartus_prime181/altera_mf.v":53556:20:53556:31|Read directive translate_on.
@N: CG334 :"/vol/synopsys/fpga/O-2018.09-SP1/lib/altera/quartus_prime181/altera_mf.v":53642:20:53642:32|Read directive translate_off.
@N: CG333 :"/vol/synopsys/fpga/O-2018.09-SP1/lib/altera/quartus_prime181/altera_mf.v":53647:20:53647:31|Read directive translate_on.
@N: CG334 :"/vol/synopsys/fpga/O-2018.09-SP1/lib/altera/quartus_prime181/altera_mf.v":53650:20:53650:32|Read directive translate_off.
@N: CG333 :"/vol/synopsys/fpga/O-2018.09-SP1/lib/altera/quartus_prime181/altera_mf.v":53653:20:53653:31|Read directive translate_on.
@N: CG334 :"/vol/synopsys/fpga/O-2018.09-SP1/lib/altera/quartus_prime181/altera_mf.v":53861:12:53861:24|Read directive translate_off.
@N: CG333 :"/vol/synopsys/fpga/O-2018.09-SP1/lib/altera/quartus_prime181/altera_mf.v":53875:12:53875:23|Read directive translate_on.
@N: CG334 :"/vol/synopsys/fpga/O-2018.09-SP1/lib/altera/quartus_prime181/altera_mf.v":54140:12:54140:24|Read directive translate_off.
@N: CG333 :"/vol/synopsys/fpga/O-2018.09-SP1/lib/altera/quartus_prime181/altera_mf.v":54154:12:54154:23|Read directive translate_on.
@I::"/vol/synopsys/fpga/O-2018.09-SP1/lib/altera/quartus_prime181/altera_lpm.v" (library work)
@I::"/vol/synopsys/fpga/O-2018.09-SP1/lib/altera/quartus_prime181/altera_primitives.v" (library work)
@I::"/vol/synopsys/fpga/O-2018.09-SP1/lib/vlog/hypermods.v" (library __hyper__lib__)
@I::"/vol/synopsys/fpga/O-2018.09-SP1/lib/vlog/umr_capim.v" (library snps_haps)
@I::"/vol/synopsys/fpga/O-2018.09-SP1/lib/synip/hcei/zceistubs.v" (library snps_haps)
@I::"/vol/synopsys/fpga/O-2018.09-SP1/lib/vlog/scemi_objects.v" (library snps_haps)
@I::"/vol/synopsys/fpga/O-2018.09-SP1/lib/vlog/scemi_pipes.svh" (library snps_haps)
@I::"/home/jco1147/ray_tracer/github/RayTracer/sv/fifo.sv" (library work)
@I::"/home/jco1147/ray_tracer/github/RayTracer/sv/fifo_math.sv" (library work)
@I::"/home/jco1147/ray_tracer/github/RayTracer/sv/divide/divide.sv" (library work)
@I::"/home/jco1147/ray_tracer/github/RayTracer/sv/divide/divide_top.sv" (library work)
@I::"/home/jco1147/ray_tracer/github/RayTracer/sv/p_hit/p_hit_1.sv" (library work)
Verilog syntax check successful!
Selecting top level module p_hit_1
@N: Setting default value for parameter D_BITS to 32;
@N: Setting default value for parameter Q_BITS to 10;
@N:: Applying property .distcompnoprune with value 1 on module fifo_array in library work
@N:: Applying property .noprune with value 1 on module fifo_array in library work
@N:: Applying property .distcomp_black_box with value 1 on module fifo_array in library work
@N:: Applying property syn_black_box with value 1 on module fifo_array in library work
@N:: Applying property .distcompmodetop with value 1 on module p_hit_1 in library work
@N:: Applying property .distcompnoprune with value 1 on module p_hit_1 in library work
@N:: Applying property .noprune with value 1 on module p_hit_1 in library work
@N:: Applying property .distcompnoprune with value 1 on module divide_top in library work
@N:: Applying property .noprune with value 1 on module divide_top in library work
@N:: Applying property .distcompnoprune with value 1 on module divide_module in library work
@N:: Applying property .noprune with value 1 on module divide_module in library work
@N:: Applying property .distcompnoprune with value 1 on module p_hit_dot_pt2 in library work
@N:: Applying property .noprune with value 1 on module p_hit_dot_pt2 in library work
@N:: Applying property .distcompnoprune with value 1 on module dot in library work
@N:: Applying property .noprune with value 1 on module dot in library work
@N:: Applying property .distcompnoprune with value 1 on module fifo in library work
@N:: Applying property .noprune with value 1 on module fifo in library work
@N:: Applying property .distcompnoprune with value 1 on module dot_module in library work
@N:: Applying property .noprune with value 1 on module dot_module in library work
@N:: Applying property .distcompnoprune with value 1 on module p_hit_dot_add_pt1 in library work
@N:: Applying property .noprune with value 1 on module p_hit_dot_add_pt1 in library work
@N:: Applying property .distcompnoprune with value 1 on module sub_single in library work
@N:: Applying property .noprune with value 1 on module sub_single in library work
@N:: Applying property .distcompnoprune with value 1 on module sub_single_module in library work
@N:: Applying property .noprune with value 1 on module sub_single_module in library work
@N:: Applying property .distcompnoprune with value 1 on module p_hit_fifo_in_pt1 in library work
@N:: Applying property .noprune with value 1 on module p_hit_fifo_in_pt1 in library work
Selecting top level module p_hit_1
@N: CG364 :"/home/jco1147/ray_tracer/github/RayTracer/sv/fifo.sv":78:7:78:16|Synthesizing module fifo_array in library work.

	FIFO_DATA_WIDTH=32'b00000000000000000000000000100000
	FIFO_BUFFER_SIZE=32'b00000000000000000000001000000000
	ARRAY_SIZE=32'b00000000000000000000000000000011
   Generated name = fifo_array_32s_512s_3s
@N: CG364 :"/home/jco1147/ray_tracer/github/RayTracer/sv/p_hit/p_hit_1.sv":1:7:1:23|Synthesizing module p_hit_fifo_in_pt1 in library work.

	D_BITS=32'b00000000000000000000000000100000
   Generated name = p_hit_fifo_in_pt1_32s
Running optimization stage 1 on p_hit_fifo_in_pt1_32s .......
@N: CG364 :"/home/jco1147/ray_tracer/github/RayTracer/sv/fifo_math.sv":116:7:116:16|Synthesizing module dot_module in library work.

	D_BITS=32'b00000000000000000000000000100000
	Q_BITS=32'b00000000000000000000000000001010
   Generated name = dot_module_32s_10s
Running optimization stage 1 on dot_module_32s_10s .......
@N: CG364 :"/home/jco1147/ray_tracer/github/RayTracer/sv/fifo.sv":1:7:1:10|Synthesizing module fifo in library work.

	FIFO_DATA_WIDTH=32'b00000000000000000000000000100000
	FIFO_BUFFER_SIZE=32'b00000000000000000000001000000000
	FIFO_ADDR_WIDTH=32'b00000000000000000000000000001010
   Generated name = fifo_32s_512s_10s
Running optimization stage 1 on fifo_32s_512s_10s .......
@N: CL134 :"/home/jco1147/ray_tracer/github/RayTracer/sv/fifo.sv":34:4:34:12|Found RAM fifo_buf, depth=512, width=32
@N: CG364 :"/home/jco1147/ray_tracer/github/RayTracer/sv/fifo_math.sv":176:7:176:9|Synthesizing module dot in library work.

	D_BITS=32'b00000000000000000000000000100000
	Q_BITS=32'b00000000000000000000000000001010
   Generated name = dot_32s_10s
Running optimization stage 1 on dot_32s_10s .......
@N: CG364 :"/home/jco1147/ray_tracer/github/RayTracer/sv/fifo_math.sv":595:7:595:23|Synthesizing module sub_single_module in library work.

	D_BITS=32'b00000000000000000000000000100000
   Generated name = sub_single_module_32s
Running optimization stage 1 on sub_single_module_32s .......
@N: CG364 :"/home/jco1147/ray_tracer/github/RayTracer/sv/fifo_math.sv":651:7:651:16|Synthesizing module sub_single in library work.

	D_BITS=32'b00000000000000000000000000100000
   Generated name = sub_single_32s
Running optimization stage 1 on sub_single_32s .......
@N: CG364 :"/home/jco1147/ray_tracer/github/RayTracer/sv/p_hit/p_hit_1.sv":81:7:81:23|Synthesizing module p_hit_dot_add_pt1 in library work.

	D_BITS=32'b00000000000000000000000000100000
	Q_BITS=32'b00000000000000000000000000001010
   Generated name = p_hit_dot_add_pt1_32s_10s
Running optimization stage 1 on p_hit_dot_add_pt1_32s_10s .......
@N: CG364 :"/home/jco1147/ray_tracer/github/RayTracer/sv/p_hit/p_hit_1.sv":189:7:189:19|Synthesizing module p_hit_dot_pt2 in library work.

	D_BITS=32'b00000000000000000000000000100000
	Q_BITS=32'b00000000000000000000000000001010
   Generated name = p_hit_dot_pt2_32s_10s
Running optimization stage 1 on p_hit_dot_pt2_32s_10s .......
@N: CG364 :"/home/jco1147/ray_tracer/github/RayTracer/sv/divide/divide.sv":1:7:1:19|Synthesizing module divide_module in library work.

	Q_BITS=32'b00000000000000000000000000001010
	D_BITS=32'b00000000000000000000000000100000
	ED_WIDTH=32'b00000000000000000000000000101011
   Generated name = divide_module_10s_32s_43
@W: CG133 :"/home/jco1147/ray_tracer/github/RayTracer/sv/divide/divide.sv":19:26:19:26|Object Q is declared but not assigned. Either assign a value or remove the declaration.
@W: CG133 :"/home/jco1147/ray_tracer/github/RayTracer/sv/divide/divide.sv":19:29:19:31|Object Q_c is declared but not assigned. Either assign a value or remove the declaration.
Running optimization stage 1 on divide_module_10s_32s_43 .......
@W: CL260 :"/home/jco1147/ray_tracer/github/RayTracer/sv/divide/divide.sv":27:0:27:8|Pruning register bit 86 of EAQ[86:0]. If this is not the intended behavior, drive the input with valid values, or an input from the top level.
@N: CG364 :"/home/jco1147/ray_tracer/github/RayTracer/sv/divide/divide_top.sv":1:7:1:16|Synthesizing module divide_top in library work.

	Q_BITS=32'b00000000000000000000000000001010
	D_BITS=32'b00000000000000000000000000100000
	ED_WIDTH=32'b00000000000000000000000000101011
   Generated name = divide_top_10s_32s_43
Running optimization stage 1 on divide_top_10s_32s_43 .......
@N: CG364 :"/home/jco1147/ray_tracer/github/RayTracer/sv/p_hit/p_hit_1.sv":259:7:259:13|Synthesizing module p_hit_1 in library work.
Running optimization stage 1 on p_hit_1 .......
Running optimization stage 2 on p_hit_1 .......
@W: CL247 :"/home/jco1147/ray_tracer/github/RayTracer/sv/p_hit/p_hit_1.sv":271:16:271:23|Input port bit 0 of in_wr_en[1:0] is unused

Running optimization stage 2 on divide_top_10s_32s_43 .......
Running optimization stage 2 on divide_module_10s_32s_43 .......
@N: CL201 :"/home/jco1147/ray_tracer/github/RayTracer/sv/divide/divide.sv":27:0:27:8|Trying to extract state machine for register state.
Extracted state machine for register state
State machine has 3 reachable states with original encodings of:
   00
   01
   10
Running optimization stage 2 on p_hit_dot_pt2_32s_10s .......
Running optimization stage 2 on p_hit_dot_add_pt1_32s_10s .......
Running optimization stage 2 on sub_single_32s .......
Running optimization stage 2 on sub_single_module_32s .......
Running optimization stage 2 on dot_32s_10s .......
Running optimization stage 2 on fifo_32s_512s_10s .......
Running optimization stage 2 on dot_module_32s_10s .......
Running optimization stage 2 on p_hit_fifo_in_pt1_32s .......

For a summary of runtime and memory usage per design unit, please see file:
==========================================================
@L: /home/jco1147/ray_tracer/github/RayTracer/sv/top/rev_1/synwork//distcomp/distcomp1/distcomp1.rt.csv

@END

At c_ver Exit (Real Time elapsed 0h:00m:00s; CPU Time elapsed 0h:00m:00s; Memory used current: 89MB peak: 96MB)

Process took 0h:00m:01s realtime, 0h:00m:01s cputime

Process completed successfully.
# Thu May 25 00:57:19 2023

###########################################################]
