/vol/synopsys/fpga/O-2018.09-SP1/bin/m_altera  -prodtype  synplify_premier  -encrypt  -pro  -rundir  /home/jco1147/ray_tracer/github/RayTracer/sv/accumulate/rev_1   -part 5CSEBA6UI23-7    -maxfan 30 -verification_mode 0 -infer_seqShift -pipe -fixgatedclocks 1 -fixgeneratedclocks 1 -syn_altera_model on -mif_files_dirs " " -synthesis_strategy advanced -continue_on_error -validate_mif_files -reporting_ctd 0 -RWCheckOnRam 1 -overilog "accumulate.vm" -summaryfile /home/jco1147/ray_tracer/github/RayTracer/sv/accumulate/rev_1/synlog/report/accumulate_fpga_mapper.xml -merge_inferred_clocks 0  -map  -licensetype  synplifypremierdp  -flow mapping  -mp  4  -prjfile  /home/jco1147/ray_tracer/github/RayTracer/sv/accumulate/rev_1/scratchproject.prs  -implementation  rev_1  -multisrs  -vqm41  -ovqm  /home/jco1147/ray_tracer/github/RayTracer/sv/accumulate/rev_1/accumulate.vqm   -autoconstraint  -freq 1.000   /home/jco1147/ray_tracer/github/RayTracer/sv/accumulate/rev_1/synwork/accumulate_prem.srd  -sap  /home/jco1147/ray_tracer/github/RayTracer/sv/accumulate/rev_1/accumulate.sap  -otap  /home/jco1147/ray_tracer/github/RayTracer/sv/accumulate/rev_1/accumulate.tap  -omap  /home/jco1147/ray_tracer/github/RayTracer/sv/accumulate/rev_1/accumulate.map  -devicelib  /vol/synopsys/fpga/O-2018.09-SP1/lib/altera/altera.v  -devicelib  /vol/synopsys/fpga/O-2018.09-SP1/lib/altera/altera_mult_add.v  -devicelib  /vol/synopsys/fpga/O-2018.09-SP1/lib/altera/quartus_prime181/cyclonev.v  -devicelib  /vol/synopsys/fpga/O-2018.09-SP1/lib/altera/quartus_prime181/altera_mf.v  -devicelib  /vol/synopsys/fpga/O-2018.09-SP1/lib/altera/quartus_prime181/altera_lpm.v  -devicelib  /vol/synopsys/fpga/O-2018.09-SP1/lib/altera/quartus_prime181/altera_primitives.v  -sap  /home/jco1147/ray_tracer/github/RayTracer/sv/accumulate/rev_1/accumulate.sap  -ologparam  /home/jco1147/ray_tracer/github/RayTracer/sv/accumulate/rev_1/syntmp/accumulate.plg  -osyn  /home/jco1147/ray_tracer/github/RayTracer/sv/accumulate/rev_1/accumulate.srm  -prjdir  /home/jco1147/ray_tracer/github/RayTracer/sv/accumulate/  -prjname  proj_1  -log  /home/jco1147/ray_tracer/github/RayTracer/sv/accumulate/rev_1/synlog/accumulate_fpga_mapper.srr  -sn  2018.09  -jobname  "fpga_mapper" 
relcom:/vol/synopsys/fpga/O-2018.09-SP1/bin/m_altera -prodtype synplify_premier -encrypt -pro -rundir ../../rev_1 -part 5CSEBA6UI23-7 -maxfan 30 -verification_mode 0 -infer_seqShift -pipe -fixgatedclocks 1 -fixgeneratedclocks 1 -syn_altera_model on -mif_files_dirs " " -synthesis_strategy advanced -continue_on_error -validate_mif_files -reporting_ctd 0 -RWCheckOnRam 1 -overilog "accumulate.vm" -summaryfile ../synlog/report/accumulate_fpga_mapper.xml -merge_inferred_clocks 0 -map -licensetype synplifypremierdp -flow mapping -mp 4 -prjfile ../scratchproject.prs -implementation rev_1 -multisrs -vqm41 -ovqm ../accumulate.vqm -autoconstraint -freq 1.000 ../synwork/accumulate_prem.srd -sap ../accumulate.sap -otap ../accumulate.tap -omap ../accumulate.map -devicelib /vol/synopsys/fpga/O-2018.09-SP1/lib/altera/altera.v -devicelib /vol/synopsys/fpga/O-2018.09-SP1/lib/altera/altera_mult_add.v -devicelib /vol/synopsys/fpga/O-2018.09-SP1/lib/altera/quartus_prime181/cyclonev.v -devicelib /vol/synopsys/fpga/O-2018.09-SP1/lib/altera/quartus_prime181/altera_mf.v -devicelib /vol/synopsys/fpga/O-2018.09-SP1/lib/altera/quartus_prime181/altera_lpm.v -devicelib /vol/synopsys/fpga/O-2018.09-SP1/lib/altera/quartus_prime181/altera_primitives.v -sap ../accumulate.sap -ologparam accumulate.plg -osyn ../accumulate.srm -prjdir ../../ -prjname proj_1 -log ../synlog/accumulate_fpga_mapper.srr -sn 2018.09 -jobname "fpga_mapper"
rc:1 success:1 runtime:3
file:../scratchproject.prs|io:o|time:1683575711|size:1806|exec:0|csum:
file:../accumulate.vqm|io:o|time:1683575717|size:208290|exec:0|csum:
file:../synwork/accumulate_prem.srd|io:i|time:1683575715|size:8907|exec:0|csum:7D1ADB4158E124E40DAC7F6389D41765
file:../accumulate.sap|io:o|time:1683575715|size:723|exec:0|csum:
file:../accumulate.tap|io:o|time:0|size:-1|exec:0|csum:
file:../accumulate.map|io:o|time:1683575718|size:27|exec:0|csum:
file:/vol/synopsys/fpga/O-2018.09-SP1/lib/altera/altera.v|io:i|time:1543381811|size:761|exec:0|csum:530DBF8BEE396EFE8B33F0255371F1EA
file:/vol/synopsys/fpga/O-2018.09-SP1/lib/altera/altera_mult_add.v|io:i|time:1543381811|size:168277|exec:0|csum:6E29C085D2A2C382F4C51DABDB48F76A
file:/vol/synopsys/fpga/O-2018.09-SP1/lib/altera/quartus_prime181/cyclonev.v|io:i|time:1543381840|size:131|exec:0|csum:6832EE71B40C2B86E4A43BC5063506D9
file:/vol/synopsys/fpga/O-2018.09-SP1/lib/altera/quartus_prime181/altera_mf.v|io:i|time:1543381839|size:2618882|exec:0|csum:84794777C52804010B1D63698E285DB9
file:/vol/synopsys/fpga/O-2018.09-SP1/lib/altera/quartus_prime181/altera_lpm.v|io:i|time:1543381839|size:14867|exec:0|csum:01D82E1D5975CD832C9D765243E5182D
file:/vol/synopsys/fpga/O-2018.09-SP1/lib/altera/quartus_prime181/altera_primitives.v|io:i|time:1543381839|size:35286|exec:0|csum:C0AAD8CA21730C472D624582C058B929
file:../accumulate.sap|io:o|time:1683575715|size:723|exec:0|csum:
file:accumulate.plg|io:o|time:1683575718|size:587|exec:0|csum:
file:../accumulate.srm|io:o|time:1683575718|size:62517|exec:0|csum:
file:../synlog/accumulate_fpga_mapper.srr|io:o|time:1683575718|size:121367|exec:0|csum:
file:/vol/synopsys/fpga/O-2018.09-SP1/linux_a_64/m_altera|io:i|time:1543382473|size:31613712|exec:1|csum:5FBEB6EEDF3364EAF4B7F14711D19D39
file:/vol/synopsys/fpga/O-2018.09-SP1/bin/m_altera|io:i|time:1543381999|size:347|exec:1|csum:04851DFC0CBB288ED81DA3E420127D0D
